[32m2025-01-21 06:59:52 +0600[0m - dagster - [34mDEBUG[0m - __ASSET_JOB - 7620c9eb-1ee1-4ac4-bcc0-e5738f30fa28 - 610168 - LOGS_CAPTURED - Started capturing logs in process (pid: 610168).
[32m2025-01-21 06:59:52 +0600[0m - dagster - [34mDEBUG[0m - __ASSET_JOB - 7620c9eb-1ee1-4ac4-bcc0-e5738f30fa28 - 610168 - dbt_project_dbt_assets - STEP_START - Started execution of step "dbt_project_dbt_assets".
[32m2025-01-21 06:59:52 +0600[0m - dagster - [34mINFO[0m - __ASSET_JOB - 7620c9eb-1ee1-4ac4-bcc0-e5738f30fa28 - dbt_project_dbt_assets - A dbt subsetted execution is being performed. Overriding default dbt selection arguments `['--select', 'fqn:*']` with arguments: `['dbt_project.staging.stg_snowflake__workspaces', 'dbt_project.staging.stg_snowflake__users', 'dbt_project.staging.stg_snowflake__subscriptions', 'dbt_project.staging.stg_snowflake__tasks', 'dbt_project.staging.stg_snowflake__payments', 'dbt_project.staging.stg_snowflake__invoices', 'dbt_project.staging.stg_snowflake__projects', 'dbt_project.staging.stg_snowflake__comments']`.
INFO:dagster.builtin:__ASSET_JOB - 7620c9eb-1ee1-4ac4-bcc0-e5738f30fa28 - dbt_project_dbt_assets - A dbt subsetted execution is being performed. Overriding default dbt selection arguments `['--select', 'fqn:*']` with arguments: `['dbt_project.staging.stg_snowflake__workspaces', 'dbt_project.staging.stg_snowflake__users', 'dbt_project.staging.stg_snowflake__subscriptions', 'dbt_project.staging.stg_snowflake__tasks', 'dbt_project.staging.stg_snowflake__payments', 'dbt_project.staging.stg_snowflake__invoices', 'dbt_project.staging.stg_snowflake__projects', 'dbt_project.staging.stg_snowflake__comments']`.
[32m2025-01-21 06:59:52 +0600[0m - dagster - [34mINFO[0m - __ASSET_JOB - 7620c9eb-1ee1-4ac4-bcc0-e5738f30fa28 - dbt_project_dbt_assets - Copying `/media/taeef/Projects58/Sidetrek/DataEngineering/b2b-saas-pipeline/dbt_project/target/partial_parse.msgpack` to `/media/taeef/Projects58/Sidetrek/DataEngineering/b2b-saas-pipeline/dbt_project/target/dbt_project_dbt_assets-7620c9e-c4b6407/partial_parse.msgpack` to take advantage of partial parsing.
INFO:dagster.builtin:__ASSET_JOB - 7620c9eb-1ee1-4ac4-bcc0-e5738f30fa28 - dbt_project_dbt_assets - Copying `/media/taeef/Projects58/Sidetrek/DataEngineering/b2b-saas-pipeline/dbt_project/target/partial_parse.msgpack` to `/media/taeef/Projects58/Sidetrek/DataEngineering/b2b-saas-pipeline/dbt_project/target/dbt_project_dbt_assets-7620c9e-c4b6407/partial_parse.msgpack` to take advantage of partial parsing.
[32m2025-01-21 06:59:52 +0600[0m - dagster - [34mINFO[0m - __ASSET_JOB - 7620c9eb-1ee1-4ac4-bcc0-e5738f30fa28 - dbt_project_dbt_assets - Running dbt command: `dbt build --select dbt_project.staging.stg_snowflake__workspaces dbt_project.staging.stg_snowflake__users dbt_project.staging.stg_snowflake__subscriptions dbt_project.staging.stg_snowflake__tasks dbt_project.staging.stg_snowflake__payments dbt_project.staging.stg_snowflake__invoices dbt_project.staging.stg_snowflake__projects dbt_project.staging.stg_snowflake__comments`.
INFO:dagster.builtin:__ASSET_JOB - 7620c9eb-1ee1-4ac4-bcc0-e5738f30fa28 - dbt_project_dbt_assets - Running dbt command: `dbt build --select dbt_project.staging.stg_snowflake__workspaces dbt_project.staging.stg_snowflake__users dbt_project.staging.stg_snowflake__subscriptions dbt_project.staging.stg_snowflake__tasks dbt_project.staging.stg_snowflake__payments dbt_project.staging.stg_snowflake__invoices dbt_project.staging.stg_snowflake__projects dbt_project.staging.stg_snowflake__comments`.
[32m2025-01-21 06:59:56 +0600[0m - dagster - [34mDEBUG[0m - __ASSET_JOB - 7620c9eb-1ee1-4ac4-bcc0-e5738f30fa28 - 610168 - dbt_project_dbt_assets - STEP_OUTPUT - Yielded output "STAGING__stg_snowflake__comments" of type "Nothing". (Type check passed).
[32m2025-01-21 06:59:57 +0600[0m - dagster - [34mDEBUG[0m - __ASSET_JOB - 7620c9eb-1ee1-4ac4-bcc0-e5738f30fa28 - 610168 - dbt_project_dbt_assets - ASSET_MATERIALIZATION - Materialized value STAGING stg_snowflake__comments.
[32m2025-01-21 06:59:57 +0600[0m - dagster - [34mDEBUG[0m - __ASSET_JOB - 7620c9eb-1ee1-4ac4-bcc0-e5738f30fa28 - 610168 - dbt_project_dbt_assets - STEP_OUTPUT - Yielded output "STAGING__stg_snowflake__invoices" of type "Nothing". (Type check passed).
[32m2025-01-21 06:59:58 +0600[0m - dagster - [34mDEBUG[0m - __ASSET_JOB - 7620c9eb-1ee1-4ac4-bcc0-e5738f30fa28 - 610168 - dbt_project_dbt_assets - ASSET_MATERIALIZATION - Materialized value STAGING stg_snowflake__invoices.
[32m2025-01-21 06:59:58 +0600[0m - dagster - [34mDEBUG[0m - __ASSET_JOB - 7620c9eb-1ee1-4ac4-bcc0-e5738f30fa28 - 610168 - dbt_project_dbt_assets - STEP_OUTPUT - Yielded output "STAGING__stg_snowflake__payments" of type "Nothing". (Type check passed).
[32m2025-01-21 06:59:58 +0600[0m - dagster - [34mDEBUG[0m - __ASSET_JOB - 7620c9eb-1ee1-4ac4-bcc0-e5738f30fa28 - 610168 - dbt_project_dbt_assets - ASSET_MATERIALIZATION - Materialized value STAGING stg_snowflake__payments.
[32m2025-01-21 06:59:59 +0600[0m - dagster - [34mDEBUG[0m - __ASSET_JOB - 7620c9eb-1ee1-4ac4-bcc0-e5738f30fa28 - 610168 - dbt_project_dbt_assets - STEP_OUTPUT - Yielded output "STAGING__stg_snowflake__projects" of type "Nothing". (Type check passed).
[32m2025-01-21 06:59:59 +0600[0m - dagster - [34mDEBUG[0m - __ASSET_JOB - 7620c9eb-1ee1-4ac4-bcc0-e5738f30fa28 - 610168 - dbt_project_dbt_assets - ASSET_MATERIALIZATION - Materialized value STAGING stg_snowflake__projects.
[32m2025-01-21 06:59:59 +0600[0m - dagster - [34mDEBUG[0m - __ASSET_JOB - 7620c9eb-1ee1-4ac4-bcc0-e5738f30fa28 - 610168 - dbt_project_dbt_assets - STEP_OUTPUT - Yielded output "STAGING__stg_snowflake__subscriptions" of type "Nothing". (Type check passed).
[32m2025-01-21 06:59:59 +0600[0m - dagster - [34mDEBUG[0m - __ASSET_JOB - 7620c9eb-1ee1-4ac4-bcc0-e5738f30fa28 - 610168 - dbt_project_dbt_assets - ASSET_MATERIALIZATION - Materialized value STAGING stg_snowflake__subscriptions.
[32m2025-01-21 07:00:00 +0600[0m - dagster - [34mDEBUG[0m - __ASSET_JOB - 7620c9eb-1ee1-4ac4-bcc0-e5738f30fa28 - 610168 - dbt_project_dbt_assets - STEP_OUTPUT - Yielded output "STAGING__stg_snowflake__tasks" of type "Nothing". (Type check passed).
[32m2025-01-21 07:00:00 +0600[0m - dagster - [34mDEBUG[0m - __ASSET_JOB - 7620c9eb-1ee1-4ac4-bcc0-e5738f30fa28 - 610168 - dbt_project_dbt_assets - ASSET_MATERIALIZATION - Materialized value STAGING stg_snowflake__tasks.
[32m2025-01-21 07:00:00 +0600[0m - dagster - [34mDEBUG[0m - __ASSET_JOB - 7620c9eb-1ee1-4ac4-bcc0-e5738f30fa28 - 610168 - dbt_project_dbt_assets - STEP_OUTPUT - Yielded output "STAGING__stg_snowflake__users" of type "Nothing". (Type check passed).
[32m2025-01-21 07:00:00 +0600[0m - dagster - [34mDEBUG[0m - __ASSET_JOB - 7620c9eb-1ee1-4ac4-bcc0-e5738f30fa28 - 610168 - dbt_project_dbt_assets - ASSET_MATERIALIZATION - Materialized value STAGING stg_snowflake__users.
[32m2025-01-21 07:00:00 +0600[0m - dagster - [34mDEBUG[0m - __ASSET_JOB - 7620c9eb-1ee1-4ac4-bcc0-e5738f30fa28 - 610168 - dbt_project_dbt_assets - STEP_OUTPUT - Yielded output "STAGING__stg_snowflake__workspaces" of type "Nothing". (Type check passed).
[32m2025-01-21 07:00:01 +0600[0m - dagster - [34mDEBUG[0m - __ASSET_JOB - 7620c9eb-1ee1-4ac4-bcc0-e5738f30fa28 - 610168 - dbt_project_dbt_assets - ASSET_MATERIALIZATION - Materialized value STAGING stg_snowflake__workspaces.
[32m2025-01-21 07:00:01 +0600[0m - dagster - [34mDEBUG[0m - __ASSET_JOB - 7620c9eb-1ee1-4ac4-bcc0-e5738f30fa28 - 610168 - dbt_project_dbt_assets - ASSET_CHECK_EVALUATION - ASSET_CHECK_EVALUATION for step dbt_project_dbt_assets
[32m2025-01-21 07:00:01 +0600[0m - dagster - [34mDEBUG[0m - __ASSET_JOB - 7620c9eb-1ee1-4ac4-bcc0-e5738f30fa28 - 610168 - dbt_project_dbt_assets - STEP_OUTPUT - Yielded output "STAGING__stg_snowflake__comments_not_null_stg_snowflake__comments_comment_id" of type "Any". (Type check passed).
[32m2025-01-21 07:00:01 +0600[0m - dagster - [34mDEBUG[0m - __ASSET_JOB - 7620c9eb-1ee1-4ac4-bcc0-e5738f30fa28 - 610168 - dbt_project_dbt_assets - ASSET_CHECK_EVALUATION - ASSET_CHECK_EVALUATION for step dbt_project_dbt_assets
[32m2025-01-21 07:00:01 +0600[0m - dagster - [34mDEBUG[0m - __ASSET_JOB - 7620c9eb-1ee1-4ac4-bcc0-e5738f30fa28 - 610168 - dbt_project_dbt_assets - STEP_OUTPUT - Yielded output "STAGING__stg_snowflake__comments_unique_stg_snowflake__comments_comment_id" of type "Any". (Type check passed).
[32m2025-01-21 07:00:01 +0600[0m - dagster - [34mDEBUG[0m - __ASSET_JOB - 7620c9eb-1ee1-4ac4-bcc0-e5738f30fa28 - 610168 - dbt_project_dbt_assets - ASSET_CHECK_EVALUATION - ASSET_CHECK_EVALUATION for step dbt_project_dbt_assets
[32m2025-01-21 07:00:01 +0600[0m - dagster - [34mDEBUG[0m - __ASSET_JOB - 7620c9eb-1ee1-4ac4-bcc0-e5738f30fa28 - 610168 - dbt_project_dbt_assets - STEP_OUTPUT - Yielded output "STAGING__stg_snowflake__invoices_not_null_stg_snowflake__invoices_invoice_id" of type "Any". (Type check passed).
[32m2025-01-21 07:00:02 +0600[0m - dagster - [34mDEBUG[0m - __ASSET_JOB - 7620c9eb-1ee1-4ac4-bcc0-e5738f30fa28 - 610168 - dbt_project_dbt_assets - ASSET_CHECK_EVALUATION - ASSET_CHECK_EVALUATION for step dbt_project_dbt_assets
[32m2025-01-21 07:00:02 +0600[0m - dagster - [34mDEBUG[0m - __ASSET_JOB - 7620c9eb-1ee1-4ac4-bcc0-e5738f30fa28 - 610168 - dbt_project_dbt_assets - STEP_OUTPUT - Yielded output "STAGING__stg_snowflake__invoices_unique_stg_snowflake__invoices_invoice_id" of type "Any". (Type check passed).
[32m2025-01-21 07:00:02 +0600[0m - dagster - [34mDEBUG[0m - __ASSET_JOB - 7620c9eb-1ee1-4ac4-bcc0-e5738f30fa28 - 610168 - dbt_project_dbt_assets - ASSET_CHECK_EVALUATION - ASSET_CHECK_EVALUATION for step dbt_project_dbt_assets
[32m2025-01-21 07:00:02 +0600[0m - dagster - [34mDEBUG[0m - __ASSET_JOB - 7620c9eb-1ee1-4ac4-bcc0-e5738f30fa28 - 610168 - dbt_project_dbt_assets - STEP_OUTPUT - Yielded output "STAGING__stg_snowflake__payments_not_null_stg_snowflake__payments_payment_id" of type "Any". (Type check passed).
[32m2025-01-21 07:00:02 +0600[0m - dagster - [34mDEBUG[0m - __ASSET_JOB - 7620c9eb-1ee1-4ac4-bcc0-e5738f30fa28 - 610168 - dbt_project_dbt_assets - ASSET_CHECK_EVALUATION - ASSET_CHECK_EVALUATION for step dbt_project_dbt_assets
[32m2025-01-21 07:00:02 +0600[0m - dagster - [34mDEBUG[0m - __ASSET_JOB - 7620c9eb-1ee1-4ac4-bcc0-e5738f30fa28 - 610168 - dbt_project_dbt_assets - STEP_OUTPUT - Yielded output "STAGING__stg_snowflake__payments_unique_stg_snowflake__payments_payment_id" of type "Any". (Type check passed).
[32m2025-01-21 07:00:02 +0600[0m - dagster - [34mDEBUG[0m - __ASSET_JOB - 7620c9eb-1ee1-4ac4-bcc0-e5738f30fa28 - 610168 - dbt_project_dbt_assets - ASSET_CHECK_EVALUATION - ASSET_CHECK_EVALUATION for step dbt_project_dbt_assets
[32m2025-01-21 07:00:02 +0600[0m - dagster - [34mDEBUG[0m - __ASSET_JOB - 7620c9eb-1ee1-4ac4-bcc0-e5738f30fa28 - 610168 - dbt_project_dbt_assets - STEP_OUTPUT - Yielded output "STAGING__stg_snowflake__projects_not_null_stg_snowflake__projects_project_id" of type "Any". (Type check passed).
[32m2025-01-21 07:00:03 +0600[0m - dagster - [34mDEBUG[0m - __ASSET_JOB - 7620c9eb-1ee1-4ac4-bcc0-e5738f30fa28 - 610168 - dbt_project_dbt_assets - ASSET_CHECK_EVALUATION - ASSET_CHECK_EVALUATION for step dbt_project_dbt_assets
[32m2025-01-21 07:00:03 +0600[0m - dagster - [34mDEBUG[0m - __ASSET_JOB - 7620c9eb-1ee1-4ac4-bcc0-e5738f30fa28 - 610168 - dbt_project_dbt_assets - STEP_OUTPUT - Yielded output "STAGING__stg_snowflake__projects_unique_stg_snowflake__projects_project_id" of type "Any". (Type check passed).
[32m2025-01-21 07:00:03 +0600[0m - dagster - [34mDEBUG[0m - __ASSET_JOB - 7620c9eb-1ee1-4ac4-bcc0-e5738f30fa28 - 610168 - dbt_project_dbt_assets - ASSET_CHECK_EVALUATION - ASSET_CHECK_EVALUATION for step dbt_project_dbt_assets
[32m2025-01-21 07:00:03 +0600[0m - dagster - [34mDEBUG[0m - __ASSET_JOB - 7620c9eb-1ee1-4ac4-bcc0-e5738f30fa28 - 610168 - dbt_project_dbt_assets - STEP_OUTPUT - Yielded output "STAGING__stg_snowflake__subscriptions_not_null_stg_snowflake__subscriptions_subscription_id" of type "Any". (Type check passed).
[32m2025-01-21 07:00:04 +0600[0m - dagster - [34mDEBUG[0m - __ASSET_JOB - 7620c9eb-1ee1-4ac4-bcc0-e5738f30fa28 - 610168 - dbt_project_dbt_assets - ASSET_CHECK_EVALUATION - ASSET_CHECK_EVALUATION for step dbt_project_dbt_assets
[32m2025-01-21 07:00:04 +0600[0m - dagster - [34mDEBUG[0m - __ASSET_JOB - 7620c9eb-1ee1-4ac4-bcc0-e5738f30fa28 - 610168 - dbt_project_dbt_assets - STEP_OUTPUT - Yielded output "STAGING__stg_snowflake__subscriptions_unique_stg_snowflake__subscriptions_subscription_id" of type "Any". (Type check passed).
[32m2025-01-21 07:00:04 +0600[0m - dagster - [34mDEBUG[0m - __ASSET_JOB - 7620c9eb-1ee1-4ac4-bcc0-e5738f30fa28 - 610168 - dbt_project_dbt_assets - ASSET_CHECK_EVALUATION - ASSET_CHECK_EVALUATION for step dbt_project_dbt_assets
[32m2025-01-21 07:00:04 +0600[0m - dagster - [34mDEBUG[0m - __ASSET_JOB - 7620c9eb-1ee1-4ac4-bcc0-e5738f30fa28 - 610168 - dbt_project_dbt_assets - STEP_OUTPUT - Yielded output "STAGING__stg_snowflake__tasks_not_null_stg_snowflake__tasks_task_id" of type "Any". (Type check passed).
[32m2025-01-21 07:00:04 +0600[0m - dagster - [34mDEBUG[0m - __ASSET_JOB - 7620c9eb-1ee1-4ac4-bcc0-e5738f30fa28 - 610168 - dbt_project_dbt_assets - ASSET_CHECK_EVALUATION - ASSET_CHECK_EVALUATION for step dbt_project_dbt_assets
[32m2025-01-21 07:00:04 +0600[0m - dagster - [34mDEBUG[0m - __ASSET_JOB - 7620c9eb-1ee1-4ac4-bcc0-e5738f30fa28 - 610168 - dbt_project_dbt_assets - STEP_OUTPUT - Yielded output "STAGING__stg_snowflake__tasks_unique_stg_snowflake__tasks_task_id" of type "Any". (Type check passed).
[32m2025-01-21 07:00:04 +0600[0m - dagster - [34mDEBUG[0m - __ASSET_JOB - 7620c9eb-1ee1-4ac4-bcc0-e5738f30fa28 - 610168 - dbt_project_dbt_assets - ASSET_CHECK_EVALUATION - ASSET_CHECK_EVALUATION for step dbt_project_dbt_assets
[32m2025-01-21 07:00:04 +0600[0m - dagster - [34mDEBUG[0m - __ASSET_JOB - 7620c9eb-1ee1-4ac4-bcc0-e5738f30fa28 - 610168 - dbt_project_dbt_assets - STEP_OUTPUT - Yielded output "STAGING__stg_snowflake__users_not_null_stg_snowflake__users_user_id" of type "Any". (Type check passed).
[32m2025-01-21 07:00:05 +0600[0m - dagster - [34mDEBUG[0m - __ASSET_JOB - 7620c9eb-1ee1-4ac4-bcc0-e5738f30fa28 - 610168 - dbt_project_dbt_assets - ASSET_CHECK_EVALUATION - ASSET_CHECK_EVALUATION for step dbt_project_dbt_assets
[32m2025-01-21 07:00:05 +0600[0m - dagster - [34mDEBUG[0m - __ASSET_JOB - 7620c9eb-1ee1-4ac4-bcc0-e5738f30fa28 - 610168 - dbt_project_dbt_assets - STEP_OUTPUT - Yielded output "STAGING__stg_snowflake__users_unique_stg_snowflake__users_user_id" of type "Any". (Type check passed).
[32m2025-01-21 07:00:05 +0600[0m - dagster - [34mDEBUG[0m - __ASSET_JOB - 7620c9eb-1ee1-4ac4-bcc0-e5738f30fa28 - 610168 - dbt_project_dbt_assets - ASSET_CHECK_EVALUATION - ASSET_CHECK_EVALUATION for step dbt_project_dbt_assets
[32m2025-01-21 07:00:05 +0600[0m - dagster - [34mDEBUG[0m - __ASSET_JOB - 7620c9eb-1ee1-4ac4-bcc0-e5738f30fa28 - 610168 - dbt_project_dbt_assets - STEP_OUTPUT - Yielded output "STAGING__stg_snowflake__workspaces_not_null_stg_snowflake__workspaces_workspace_id" of type "Any". (Type check passed).
[32m2025-01-21 07:00:05 +0600[0m - dagster - [34mDEBUG[0m - __ASSET_JOB - 7620c9eb-1ee1-4ac4-bcc0-e5738f30fa28 - 610168 - dbt_project_dbt_assets - ASSET_CHECK_EVALUATION - ASSET_CHECK_EVALUATION for step dbt_project_dbt_assets
[32m2025-01-21 07:00:06 +0600[0m - dagster - [34mDEBUG[0m - __ASSET_JOB - 7620c9eb-1ee1-4ac4-bcc0-e5738f30fa28 - 610168 - dbt_project_dbt_assets - STEP_OUTPUT - Yielded output "STAGING__stg_snowflake__workspaces_unique_stg_snowflake__workspaces_workspace_id" of type "Any". (Type check passed).
[32m2025-01-21 07:00:06 +0600[0m - dagster - [34mINFO[0m - __ASSET_JOB - 7620c9eb-1ee1-4ac4-bcc0-e5738f30fa28 - dbt_project_dbt_assets - Finished dbt command: `dbt build --select dbt_project.staging.stg_snowflake__workspaces dbt_project.staging.stg_snowflake__users dbt_project.staging.stg_snowflake__subscriptions dbt_project.staging.stg_snowflake__tasks dbt_project.staging.stg_snowflake__payments dbt_project.staging.stg_snowflake__invoices dbt_project.staging.stg_snowflake__projects dbt_project.staging.stg_snowflake__comments`.
INFO:dagster.builtin:__ASSET_JOB - 7620c9eb-1ee1-4ac4-bcc0-e5738f30fa28 - dbt_project_dbt_assets - Finished dbt command: `dbt build --select dbt_project.staging.stg_snowflake__workspaces dbt_project.staging.stg_snowflake__users dbt_project.staging.stg_snowflake__subscriptions dbt_project.staging.stg_snowflake__tasks dbt_project.staging.stg_snowflake__payments dbt_project.staging.stg_snowflake__invoices dbt_project.staging.stg_snowflake__projects dbt_project.staging.stg_snowflake__comments`.
[32m2025-01-21 07:00:06 +0600[0m - dagster - [34mDEBUG[0m - __ASSET_JOB - 7620c9eb-1ee1-4ac4-bcc0-e5738f30fa28 - 610168 - dbt_project_dbt_assets - STEP_SUCCESS - Finished execution of step "dbt_project_dbt_assets" in 14.47s.
