[0m19:52:05.556190 [debug] [MainThread]: Sending event: {'category': 'dbt', 'action': 'invocation', 'label': 'start', 'context': [<snowplow_tracker.self_describing_json.SelfDescribingJson object at 0x7944f2cc2830>, <snowplow_tracker.self_describing_json.SelfDescribingJson object at 0x7944f10b5390>, <snowplow_tracker.self_describing_json.SelfDescribingJson object at 0x7944f10b5330>]}


============================== 19:52:05.558298 | c6036cba-fc78-46e6-92d0-734c52f7e5f3 ==============================
[0m19:52:05.558298 [info ] [MainThread]: Running with dbt=1.7.19
[0m19:52:05.558722 [debug] [MainThread]: running dbt with arguments {'printer_width': '80', 'indirect_selection': 'eager', 'write_json': 'True', 'log_cache_events': 'False', 'partial_parse': 'True', 'cache_selected_only': 'False', 'profiles_dir': '/home/taeef/.dbt', 'fail_fast': 'False', 'version_check': 'True', 'log_path': 'logs', 'debug': 'False', 'warn_error': 'None', 'use_colors': 'True', 'use_experimental_parser': 'False', 'no_print': 'None', 'quiet': 'False', 'log_format': 'default', 'invocation_command': 'dbt init dbt_project', 'static_parser': 'True', 'introspect': 'True', 'target_path': 'None', 'warn_error_options': 'WarnErrorOptions(include=[], exclude=[])', 'send_anonymous_usage_stats': 'True'}
[0m19:52:05.559662 [debug] [MainThread]: Starter project path: /home/taeef/.local/lib/python3.10/site-packages/dbt/include/starter_project
[0m19:52:05.563227 [info ] [MainThread]: 
Your new dbt project "dbt_project" was created!

For more information on how to configure the profiles.yml file,
please consult the dbt documentation here:

  https://docs.getdbt.com/docs/configure-your-profile

One more thing:

Need help? Don't hesitate to reach out to us via GitHub issues or on Slack:

  https://community.getdbt.com/

Happy modeling!

[0m19:52:05.563565 [info ] [MainThread]: Setting up your profile.
[0m19:55:18.436771 [info ] [MainThread]: Profile dbt_project written to /home/taeef/.dbt/profiles.yml using target's profile_template.yml and your supplied values. Run 'dbt debug' to validate the connection.
[0m19:55:18.444803 [debug] [MainThread]: Resource report: {"command_name": "init", "command_success": true, "command_wall_clock_time": 192.93503, "process_user_time": 2.923154, "process_kernel_time": 0.14471, "process_mem_max_rss": "182900", "process_in_blocks": "46632", "process_out_blocks": "80"}
[0m19:55:18.445557 [debug] [MainThread]: Command `dbt init` succeeded at 19:55:18.445414 after 192.94 seconds
[0m19:55:18.445970 [debug] [MainThread]: Sending event: {'category': 'dbt', 'action': 'invocation', 'label': 'end', 'context': [<snowplow_tracker.self_describing_json.SelfDescribingJson object at 0x7944f2cc2830>, <snowplow_tracker.self_describing_json.SelfDescribingJson object at 0x7944be706470>, <snowplow_tracker.self_describing_json.SelfDescribingJson object at 0x7944be706b90>]}
[0m19:55:18.446480 [debug] [MainThread]: Flushing usage events
